TN:
SF:/Applications/AMPPS/www/jahir/usehero/server/index.js
FN:19,(anonymous_0)
FN:25,(anonymous_1)
FN:34,(anonymous_2)
FNF:3
FNH:0
FNDA:0,(anonymous_0)
FNDA:0,(anonymous_1)
FNDA:0,(anonymous_2)
DA:1,1
DA:2,1
DA:5,1
DA:6,1
DA:8,1
DA:11,1
DA:14,1
DA:17,1
DA:18,1
DA:19,1
DA:20,0
DA:24,1
DA:25,0
DA:26,0
DA:32,1
DA:34,0
DA:35,0
DA:39,1
LF:18
LH:13
BRDA:24,0,0,0
BRDA:24,0,1,1
BRDA:32,1,0,0
BRDA:32,1,1,1
BRF:4
BRH:2
end_of_record
TN:
SF:/Applications/AMPPS/www/jahir/usehero/server/index.route.js
FN:10,(anonymous_0)
FNF:1
FNH:1
FNDA:1,(anonymous_0)
DA:1,1
DA:2,1
DA:3,1
DA:5,1
DA:10,1
DA:11,1
DA:15,1
DA:18,1
DA:20,1
LF:9
LH:9
BRF:0
BRH:0
end_of_record
TN:
SF:/Applications/AMPPS/www/jahir/usehero/server/config/config.js
FNF:0
FNH:0
DA:1,1
DA:4,1
DA:7,1
DA:31,1
DA:32,1
DA:33,0
DA:36,1
DA:47,1
LF:8
LH:7
BRDA:32,0,0,0
BRDA:32,0,1,1
BRF:2
BRH:1
end_of_record
TN:
SF:/Applications/AMPPS/www/jahir/usehero/server/config/express.js
FN:53,(anonymous_0)
FN:56,(anonymous_1)
FN:67,(anonymous_2)
FN:80,(anonymous_3)
FNF:4
FNH:4
FNDA:6,(anonymous_0)
FNDA:1,(anonymous_1)
FNDA:1,(anonymous_2)
FNDA:7,(anonymous_3)
DA:1,1
DA:2,1
DA:3,1
DA:4,1
DA:5,1
DA:6,1
DA:7,1
DA:8,1
DA:9,1
DA:10,1
DA:11,1
DA:12,1
DA:13,1
DA:14,1
DA:15,1
DA:17,1
DA:19,1
DA:20,0
DA:24,1
DA:25,1
DA:27,1
DA:28,1
DA:29,1
DA:32,1
DA:35,1
DA:38,1
DA:39,0
DA:40,0
DA:41,0
DA:50,1
DA:53,1
DA:54,6
DA:56,1
DA:57,1
DA:58,1
DA:59,5
DA:60,3
DA:61,3
DA:63,2
DA:67,1
DA:68,1
DA:69,1
DA:73,1
DA:74,0
DA:80,1
DA:81,7
DA:87,1
LF:47
LH:42
BRDA:19,0,0,0
BRDA:19,0,1,1
BRDA:38,1,0,0
BRDA:38,1,1,1
BRDA:54,2,0,1
BRDA:54,2,1,5
BRDA:59,3,0,3
BRDA:59,3,1,2
BRDA:73,4,0,0
BRDA:73,4,1,1
BRDA:82,5,0,2
BRDA:82,5,1,5
BRDA:83,6,0,0
BRDA:83,6,1,7
BRF:14
BRH:10
end_of_record
TN:
SF:/Applications/AMPPS/www/jahir/usehero/server/config/param-validation.js
FNF:0
FNH:0
DA:1,1
DA:3,1
LF:2
LH:2
BRF:0
BRH:0
end_of_record
TN:
SF:/Applications/AMPPS/www/jahir/usehero/server/config/winston.js
FNF:0
FNH:0
DA:1,1
DA:3,1
DA:12,1
LF:3
LH:3
BRF:0
BRH:0
end_of_record
TN:
SF:/Applications/AMPPS/www/jahir/usehero/server/src/auth/auth.controller.js
FN:19,login
FN:42,getRandomNumber
FNF:2
FNH:2
FNDA:2,login
FNDA:1,getRandomNumber
DA:1,1
DA:2,1
DA:3,1
DA:4,1
DA:7,1
DA:22,2
DA:23,1
DA:26,1
DA:32,1
DA:33,1
DA:44,1
DA:50,1
LF:12
LH:12
BRDA:22,0,0,1
BRDA:22,0,1,1
BRDA:22,1,0,2
BRDA:22,1,1,2
BRF:4
BRH:4
end_of_record
TN:
SF:/Applications/AMPPS/www/jahir/usehero/server/src/auth/auth.route.js
FNF:0
FNH:0
DA:1,1
DA:2,1
DA:3,1
DA:4,1
DA:5,1
DA:6,1
DA:8,1
DA:11,1
DA:16,1
DA:19,1
LF:10
LH:10
BRF:0
BRH:0
end_of_record
TN:
SF:/Applications/AMPPS/www/jahir/usehero/server/src/auth/auth.test.js
FN:11,(anonymous_0)
FN:24,(anonymous_1)
FN:25,(anonymous_2)
FN:30,(anonymous_3)
FN:37,(anonymous_4)
FN:42,(anonymous_5)
FN:44,(anonymous_6)
FN:55,(anonymous_7)
FN:56,(anonymous_8)
FN:60,(anonymous_9)
FN:67,(anonymous_10)
FN:72,(anonymous_11)
FN:79,(anonymous_12)
FN:84,(anonymous_13)
FNF:14
FNH:14
FNDA:1,(anonymous_0)
FNDA:1,(anonymous_1)
FNDA:1,(anonymous_2)
FNDA:1,(anonymous_3)
FNDA:1,(anonymous_4)
FNDA:1,(anonymous_5)
FNDA:1,(anonymous_6)
FNDA:1,(anonymous_7)
FNDA:1,(anonymous_8)
FNDA:1,(anonymous_9)
FNDA:1,(anonymous_10)
FNDA:1,(anonymous_11)
FNDA:1,(anonymous_12)
FNDA:1,(anonymous_13)
DA:1,1
DA:2,1
DA:3,1
DA:4,1
DA:5,1
DA:6,1
DA:7,1
DA:9,1
DA:11,1
DA:12,1
DA:17,1
DA:24,1
DA:25,1
DA:26,1
DA:31,1
DA:32,1
DA:37,1
DA:38,1
DA:43,1
DA:44,1
DA:45,1
DA:46,1
DA:47,1
DA:48,1
DA:55,1
DA:56,1
DA:57,1
DA:61,1
DA:62,1
DA:67,1
DA:68,1
DA:73,1
DA:74,1
DA:79,1
DA:80,1
DA:85,1
DA:86,1
LF:37
LH:37
BRF:0
BRH:0
end_of_record
TN:
SF:/Applications/AMPPS/www/jahir/usehero/server/src/helpers/APIError.js
FN:7,(anonymous_0)
FN:29,(anonymous_1)
FNF:2
FNH:2
FNDA:7,(anonymous_0)
FNDA:7,(anonymous_1)
DA:1,1
DA:8,7
DA:9,7
DA:10,7
DA:11,7
DA:12,7
DA:13,7
DA:14,7
DA:30,7
DA:35,1
LF:10
LH:10
BRDA:29,0,0,1
BRDA:29,1,0,5
BRF:2
BRH:2
end_of_record
TN:
SF:/Applications/AMPPS/www/jahir/usehero/server/src/user/user.controller.js
FN:6,load
FN:8,(anonymous_1)
FN:12,(anonymous_2)
FN:19,get
FN:29,create
FN:36,(anonymous_5)
FN:37,(anonymous_6)
FN:46,update
FN:52,(anonymous_8)
FN:53,(anonymous_9)
FN:62,list
FN:65,(anonymous_11)
FN:66,(anonymous_12)
FN:73,remove
FN:76,(anonymous_14)
FN:77,(anonymous_15)
FNF:16
FNH:12
FNDA:5,load
FNDA:3,(anonymous_1)
FNDA:2,(anonymous_2)
FNDA:1,get
FNDA:1,create
FNDA:1,(anonymous_5)
FNDA:0,(anonymous_6)
FNDA:1,update
FNDA:1,(anonymous_8)
FNDA:0,(anonymous_9)
FNDA:2,list
FNDA:2,(anonymous_11)
FNDA:0,(anonymous_12)
FNDA:1,remove
FNDA:1,(anonymous_14)
FNDA:0,(anonymous_15)
DA:1,1
DA:7,5
DA:9,3
DA:10,3
DA:12,2
DA:20,1
DA:30,1
DA:35,1
DA:36,1
DA:37,0
DA:47,1
DA:48,1
DA:49,1
DA:51,1
DA:52,1
DA:53,0
DA:63,2
DA:64,2
DA:65,2
DA:66,0
DA:74,1
DA:75,1
DA:76,1
DA:77,0
DA:80,1
LF:25
LH:21
BRDA:63,0,0,1
BRDA:63,1,0,1
BRF:2
BRH:2
end_of_record
TN:
SF:/Applications/AMPPS/www/jahir/usehero/server/src/user/user.model.js
FN:50,(anonymous_0)
FNF:1
FNH:1
FNDA:4,(anonymous_0)
DA:1,1
DA:2,1
DA:3,1
DA:4,1
DA:9,1
DA:35,1
DA:41,1
DA:48,5
DA:51,4
DA:52,3
DA:54,1
DA:55,1
DA:66,2
DA:77,1
LF:14
LH:14
BRDA:51,0,0,3
BRDA:51,0,1,1
BRDA:65,1,0,0
BRDA:65,2,0,0
BRDA:65,3,0,0
BRF:5
BRH:2
end_of_record
TN:
SF:/Applications/AMPPS/www/jahir/usehero/server/src/user/user.route.js
FNF:0
FNH:0
DA:1,1
DA:2,1
DA:3,1
DA:4,1
DA:6,1
DA:8,1
DA:15,1
DA:26,1
DA:28,1
LF:9
LH:9
BRF:0
BRH:0
end_of_record
TN:
SF:/Applications/AMPPS/www/jahir/usehero/server/src/user/user.test.js
FN:13,(anonymous_0)
FN:21,(anonymous_1)
FN:27,(anonymous_2)
FN:28,(anonymous_3)
FN:33,(anonymous_4)
FN:43,(anonymous_5)
FN:44,(anonymous_6)
FN:48,(anonymous_7)
FN:56,(anonymous_8)
FN:60,(anonymous_9)
FN:68,(anonymous_10)
FN:69,(anonymous_11)
FN:75,(anonymous_12)
FN:84,(anonymous_13)
FN:85,(anonymous_14)
FN:89,(anonymous_15)
FN:96,(anonymous_16)
FN:101,(anonymous_17)
FN:109,(anonymous_18)
FN:110,(anonymous_19)
FN:114,(anonymous_20)
FNF:21
FNH:21
FNDA:1,(anonymous_0)
FNDA:1,(anonymous_1)
FNDA:1,(anonymous_2)
FNDA:1,(anonymous_3)
FNDA:1,(anonymous_4)
FNDA:1,(anonymous_5)
FNDA:1,(anonymous_6)
FNDA:1,(anonymous_7)
FNDA:1,(anonymous_8)
FNDA:1,(anonymous_9)
FNDA:1,(anonymous_10)
FNDA:1,(anonymous_11)
FNDA:1,(anonymous_12)
FNDA:1,(anonymous_13)
FNDA:1,(anonymous_14)
FNDA:1,(anonymous_15)
FNDA:1,(anonymous_16)
FNDA:1,(anonymous_17)
FNDA:1,(anonymous_18)
FNDA:1,(anonymous_19)
FNDA:1,(anonymous_20)
DA:1,1
DA:2,1
DA:3,1
DA:4,1
DA:5,1
DA:6,1
DA:8,1
DA:13,1
DA:15,1
DA:16,1
DA:17,1
DA:18,1
DA:21,1
DA:22,1
DA:27,1
DA:28,1
DA:29,1
DA:34,1
DA:35,1
DA:36,1
DA:37,1
DA:43,1
DA:44,1
DA:45,1
DA:49,1
DA:50,1
DA:51,1
DA:56,1
DA:57,1
DA:61,1
DA:62,1
DA:68,1
DA:69,1
DA:70,1
DA:71,1
DA:76,1
DA:77,1
DA:78,1
DA:84,1
DA:85,1
DA:86,1
DA:90,1
DA:91,1
DA:96,1
DA:97,1
DA:102,1
DA:103,1
DA:109,1
DA:110,1
DA:111,1
DA:115,1
DA:116,1
DA:117,1
LF:53
LH:53
BRF:0
BRH:0
end_of_record
